<?xml version="1.0" encoding="UTF-8"?>
<coverage generated="1652069935652" clover="3.2.0">
  <project timestamp="1652069935653" name="All files">
    <metrics statements="142" coveredstatements="137" conditionals="60" coveredconditionals="46" methods="50" coveredmethods="48" elements="252" coveredelements="231" complexity="0" loc="142" ncloc="142" packages="10" files="15" classes="15"/>
    <package name="src">
      <metrics statements="10" coveredstatements="10" conditionals="2" coveredconditionals="1" methods="0" coveredmethods="0"/>
      <file name="app.ts" path="/home/tiago/Documentos/Projects/Visual_Studio_Code_-_Projects/Bootcamp/sing-me-a-song-project/sing-me-a-song-api/src/app.ts">
        <metrics statements="6" coveredstatements="6" conditionals="0" coveredconditionals="0" methods="0" coveredmethods="0"/>
        <line num="11" count="4" type="stmt"/>
        <line num="13" count="4" type="stmt"/>
        <line num="14" count="4" type="stmt"/>
        <line num="16" count="4" type="stmt"/>
        <line num="17" count="4" type="stmt"/>
        <line num="19" count="4" type="stmt"/>
      </file>
      <file name="setup.ts" path="/home/tiago/Documentos/Projects/Visual_Studio_Code_-_Projects/Bootcamp/sing-me-a-song-project/sing-me-a-song-api/src/setup.ts">
        <metrics statements="4" coveredstatements="4" conditionals="2" coveredconditionals="1" methods="0" coveredmethods="0"/>
        <line num="4" count="4" type="stmt"/>
        <line num="6" count="4" type="stmt"/>
        <line num="11" count="4" type="cond" truecount="1" falsecount="1"/>
        <line num="14" count="4" type="stmt"/>
      </file>
    </package>
    <package name="src.controllers">
      <metrics statements="24" coveredstatements="24" conditionals="1" coveredconditionals="1" methods="8" coveredmethods="8"/>
      <file name="healthController.ts" path="/home/tiago/Documentos/Projects/Visual_Studio_Code_-_Projects/Bootcamp/sing-me-a-song-project/sing-me-a-song-api/src/controllers/healthController.ts">
        <metrics statements="2" coveredstatements="2" conditionals="0" coveredconditionals="0" methods="1" coveredmethods="1"/>
        <line num="7" count="1" type="stmt"/>
        <line num="9" count="1" type="stmt"/>
      </file>
      <file name="recommendationController.ts" path="/home/tiago/Documentos/Projects/Visual_Studio_Code_-_Projects/Bootcamp/sing-me-a-song-project/sing-me-a-song-api/src/controllers/recommendationController.ts">
        <metrics statements="22" coveredstatements="22" conditionals="1" coveredconditionals="1" methods="7" coveredmethods="7"/>
        <line num="7" count="3" type="stmt"/>
        <line num="8" count="3" type="cond" truecount="1" falsecount="0"/>
        <line num="9" count="1" type="stmt"/>
        <line num="12" count="2" type="stmt"/>
        <line num="14" count="1" type="stmt"/>
        <line num="18" count="3" type="stmt"/>
        <line num="20" count="3" type="stmt"/>
        <line num="22" count="1" type="stmt"/>
        <line num="26" count="2" type="stmt"/>
        <line num="28" count="2" type="stmt"/>
        <line num="30" count="2" type="stmt"/>
        <line num="34" count="2" type="stmt"/>
        <line num="36" count="1" type="stmt"/>
        <line num="40" count="1" type="stmt"/>
        <line num="41" count="1" type="stmt"/>
        <line num="45" count="1" type="stmt"/>
        <line num="47" count="1" type="stmt"/>
        <line num="48" count="1" type="stmt"/>
        <line num="52" count="2" type="stmt"/>
        <line num="54" count="2" type="stmt"/>
        <line num="55" count="1" type="stmt"/>
        <line num="58" count="4" type="stmt"/>
      </file>
    </package>
    <package name="src.database">
      <metrics statements="2" coveredstatements="2" conditionals="0" coveredconditionals="0" methods="0" coveredmethods="0"/>
      <file name="database.ts" path="/home/tiago/Documentos/Projects/Visual_Studio_Code_-_Projects/Bootcamp/sing-me-a-song-project/sing-me-a-song-api/src/database/database.ts">
        <metrics statements="2" coveredstatements="2" conditionals="0" coveredconditionals="0" methods="0" coveredmethods="0"/>
        <line num="3" count="4" type="stmt"/>
        <line num="4" count="4" type="stmt"/>
      </file>
    </package>
    <package name="src.middlewares">
      <metrics statements="4" coveredstatements="3" conditionals="1" coveredconditionals="1" methods="1" coveredmethods="1"/>
      <file name="errorHandlerMiddleware.ts" path="/home/tiago/Documentos/Projects/Visual_Studio_Code_-_Projects/Bootcamp/sing-me-a-song-project/sing-me-a-song-api/src/middlewares/errorHandlerMiddleware.ts">
        <metrics statements="4" coveredstatements="3" conditionals="1" coveredconditionals="1" methods="1" coveredmethods="1"/>
        <line num="14" count="6" type="stmt"/>
        <line num="16" count="6" type="cond" truecount="1" falsecount="0"/>
        <line num="17" count="6" type="stmt"/>
        <line num="20" count="0" type="stmt"/>
      </file>
    </package>
    <package name="src.repositories">
      <metrics statements="15" coveredstatements="15" conditionals="1" coveredconditionals="1" methods="10" coveredmethods="10"/>
      <file name="healthRepository.ts" path="/home/tiago/Documentos/Projects/Visual_Studio_Code_-_Projects/Bootcamp/sing-me-a-song-project/sing-me-a-song-api/src/repositories/healthRepository.ts">
        <metrics statements="3" coveredstatements="3" conditionals="0" coveredconditionals="0" methods="2" coveredmethods="2"/>
        <line num="4" count="4" type="stmt"/>
        <line num="5" count="1" type="stmt"/>
        <line num="7" count="1" type="stmt"/>
      </file>
      <file name="recommendationRepository.ts" path="/home/tiago/Documentos/Projects/Visual_Studio_Code_-_Projects/Bootcamp/sing-me-a-song-project/sing-me-a-song-api/src/repositories/recommendationRepository.ts">
        <metrics statements="12" coveredstatements="12" conditionals="1" coveredconditionals="1" methods="8" coveredmethods="8"/>
        <line num="6" count="1" type="stmt"/>
        <line num="17" count="4" type="stmt"/>
        <line num="19" count="4" type="stmt"/>
        <line num="27" count="1" type="stmt"/>
        <line num="36" count="4" type="cond" truecount="1" falsecount="0"/>
        <line num="38" count="2" type="stmt"/>
        <line num="40" count="2" type="stmt"/>
        <line num="46" count="7" type="stmt"/>
        <line num="52" count="2" type="stmt"/>
        <line num="58" count="3" type="stmt"/>
        <line num="67" count="1" type="stmt"/>
        <line num="72" count="4" type="stmt"/>
      </file>
    </package>
    <package name="src.routers">
      <metrics statements="10" coveredstatements="10" conditionals="0" coveredconditionals="0" methods="0" coveredmethods="0"/>
      <file name="healthRouter.ts" path="/home/tiago/Documentos/Projects/Visual_Studio_Code_-_Projects/Bootcamp/sing-me-a-song-project/sing-me-a-song-api/src/routers/healthRouter.ts">
        <metrics statements="2" coveredstatements="2" conditionals="0" coveredconditionals="0" methods="0" coveredmethods="0"/>
        <line num="5" count="4" type="stmt"/>
        <line num="7" count="4" type="stmt"/>
      </file>
      <file name="recommendationRouter.ts" path="/home/tiago/Documentos/Projects/Visual_Studio_Code_-_Projects/Bootcamp/sing-me-a-song-project/sing-me-a-song-api/src/routers/recommendationRouter.ts">
        <metrics statements="8" coveredstatements="8" conditionals="0" coveredconditionals="0" methods="0" coveredmethods="0"/>
        <line num="4" count="4" type="stmt"/>
        <line num="6" count="4" type="stmt"/>
        <line num="7" count="4" type="stmt"/>
        <line num="8" count="4" type="stmt"/>
        <line num="9" count="4" type="stmt"/>
        <line num="10" count="4" type="stmt"/>
        <line num="11" count="4" type="stmt"/>
        <line num="12" count="4" type="stmt"/>
      </file>
    </package>
    <package name="src.schemas">
      <metrics statements="2" coveredstatements="2" conditionals="0" coveredconditionals="0" methods="0" coveredmethods="0"/>
      <file name="recommendationsSchemas.ts" path="/home/tiago/Documentos/Projects/Visual_Studio_Code_-_Projects/Bootcamp/sing-me-a-song-project/sing-me-a-song-api/src/schemas/recommendationsSchemas.ts">
        <metrics statements="2" coveredstatements="2" conditionals="0" coveredconditionals="0" methods="0" coveredmethods="0"/>
        <line num="5" count="4" type="stmt"/>
        <line num="7" count="4" type="stmt"/>
      </file>
    </package>
    <package name="src.services">
      <metrics statements="37" coveredstatements="36" conditionals="7" coveredconditionals="6" methods="13" coveredmethods="13"/>
      <file name="healthService.ts" path="/home/tiago/Documentos/Projects/Visual_Studio_Code_-_Projects/Bootcamp/sing-me-a-song-project/sing-me-a-song-api/src/services/healthService.ts">
        <metrics statements="7" coveredstatements="7" conditionals="1" coveredconditionals="0" methods="4" coveredmethods="4"/>
        <line num="6" count="4" type="stmt"/>
        <line num="7" count="1" type="stmt"/>
        <line num="9" count="1" type="stmt"/>
        <line num="11" count="1" type="stmt"/>
        <line num="15" count="4" type="stmt"/>
        <line num="16" count="1" type="stmt"/>
        <line num="17" count="1" type="cond" truecount="0" falsecount="1"/>
      </file>
      <file name="recommendationsService.ts" path="/home/tiago/Documentos/Projects/Visual_Studio_Code_-_Projects/Bootcamp/sing-me-a-song-project/sing-me-a-song-api/src/services/recommendationsService.ts">
        <metrics statements="30" coveredstatements="29" conditionals="6" coveredconditionals="6" methods="9" coveredmethods="9"/>
        <line num="8" count="2" type="stmt"/>
        <line num="11" count="2" type="cond" truecount="1" falsecount="0"/>
        <line num="12" count="1" type="stmt"/>
        <line num="14" count="1" type="stmt"/>
        <line num="18" count="3" type="stmt"/>
        <line num="20" count="1" type="stmt"/>
        <line num="24" count="2" type="stmt"/>
        <line num="26" count="2" type="stmt"/>
        <line num="31" count="2" type="cond" truecount="1" falsecount="0"/>
        <line num="32" count="1" type="stmt"/>
        <line num="37" count="7" type="stmt"/>
        <line num="38" count="7" type="cond" truecount="1" falsecount="0"/>
        <line num="40" count="4" type="stmt"/>
        <line num="44" count="1" type="stmt"/>
        <line num="48" count="1" type="stmt"/>
        <line num="52" count="2" type="stmt"/>
        <line num="53" count="2" type="stmt"/>
        <line num="55" count="2" type="stmt"/>
        <line num="56" count="2" type="cond" truecount="1" falsecount="0"/>
        <line num="57" count="1" type="stmt"/>
        <line num="60" count="1" type="stmt"/>
        <line num="61" count="1" type="stmt"/>
        <line num="65" count="2" type="stmt"/>
        <line num="70" count="2" type="cond" truecount="1" falsecount="0"/>
        <line num="71" count="1" type="stmt"/>
        <line num="74" count="1" type="stmt"/>
        <line num="78" count="2" type="cond" truecount="1" falsecount="0"/>
        <line num="79" count="2" type="stmt"/>
        <line num="82" count="0" type="stmt"/>
        <line num="85" count="4" type="stmt"/>
      </file>
    </package>
    <package name="src.utils">
      <metrics statements="11" coveredstatements="8" conditionals="24" coveredconditionals="12" methods="7" coveredmethods="5"/>
      <file name="errorUtils.ts" path="/home/tiago/Documentos/Projects/Visual_Studio_Code_-_Projects/Bootcamp/sing-me-a-song-project/sing-me-a-song-api/src/utils/errorUtils.ts">
        <metrics statements="11" coveredstatements="8" conditionals="24" coveredconditionals="12" methods="7" coveredmethods="5"/>
        <line num="8" count="6" type="stmt"/>
        <line num="12" count="6" type="cond" truecount="1" falsecount="0"/>
        <line num="13" count="5" type="cond" truecount="1" falsecount="0"/>
        <line num="14" count="1" type="cond" truecount="0" falsecount="1"/>
        <line num="15" count="1" type="cond" truecount="1" falsecount="0"/>
        <line num="16" count="0" type="stmt"/>
        <line num="20" count="1" type="cond" truecount="3" falsecount="1"/>
        <line num="24" count="4" type="cond" truecount="3" falsecount="1"/>
        <line num="28" count="0" type="cond" truecount="0" falsecount="4"/>
        <line num="32" count="1" type="cond" truecount="3" falsecount="1"/>
        <line num="36" count="0" type="cond" truecount="0" falsecount="4"/>
      </file>
    </package>
    <package name="tests.factories">
      <metrics statements="27" coveredstatements="27" conditionals="24" coveredconditionals="24" methods="11" coveredmethods="11"/>
      <file name="recommendationsFactory.ts" path="/home/tiago/Documentos/Projects/Visual_Studio_Code_-_Projects/Bootcamp/sing-me-a-song-project/sing-me-a-song-api/tests/factories/recommendationsFactory.ts">
        <metrics statements="27" coveredstatements="27" conditionals="24" coveredconditionals="24" methods="11" coveredmethods="11"/>
        <line num="6" count="3" type="stmt"/>
        <line num="7" count="74" type="stmt"/>
        <line num="8" count="74" type="stmt"/>
        <line num="9" count="74" type="stmt"/>
        <line num="11" count="74" type="stmt"/>
        <line num="17" count="74" type="stmt"/>
        <line num="21" count="71" type="stmt"/>
        <line num="22" count="71" type="stmt"/>
        <line num="24" count="71" type="stmt"/>
        <line num="28" count="71" type="stmt"/>
        <line num="32" count="6" type="stmt"/>
        <line num="33" count="6" type="stmt"/>
        <line num="34" count="6" type="stmt"/>
        <line num="35" count="6" type="stmt"/>
        <line num="36" count="67" type="stmt"/>
        <line num="38" count="6" type="stmt"/>
        <line num="42" count="4" type="stmt"/>
        <line num="43" count="4" type="stmt"/>
        <line num="49" count="4" type="stmt"/>
        <line num="53" count="3" type="stmt"/>
        <line num="54" count="1" type="stmt"/>
        <line num="56" count="1" type="stmt"/>
        <line num="60" count="3" type="stmt"/>
        <line num="61" count="3" type="stmt"/>
        <line num="65" count="3" type="stmt"/>
        <line num="66" count="1" type="stmt"/>
        <line num="68" count="1" type="stmt"/>
      </file>
    </package>
  </project>
</coverage>
