{"/home/tiago/Documentos/Projects/Visual_Studio_Code_-_Projects/Bootcamp/sing-me-a-song-project/sing-me-a-song-api/src/app.ts": {"path":"/home/tiago/Documentos/Projects/Visual_Studio_Code_-_Projects/Bootcamp/sing-me-a-song-project/sing-me-a-song-api/src/app.ts","statementMap":{"0":{"start":{"line":11,"column":12},"end":{"line":11,"column":21}},"1":{"start":{"line":13,"column":0},"end":{"line":13,"column":null}},"2":{"start":{"line":14,"column":0},"end":{"line":14,"column":null}},"3":{"start":{"line":16,"column":0},"end":{"line":16,"column":null}},"4":{"start":{"line":17,"column":0},"end":{"line":17,"column":null}},"5":{"start":{"line":19,"column":0},"end":{"line":19,"column":null}}},"fnMap":{},"branchMap":{},"s":{"0":4,"1":4,"2":4,"3":4,"4":4,"5":4},"f":{},"b":{}}
,"/home/tiago/Documentos/Projects/Visual_Studio_Code_-_Projects/Bootcamp/sing-me-a-song-project/sing-me-a-song-api/src/setup.ts": {"path":"/home/tiago/Documentos/Projects/Visual_Studio_Code_-_Projects/Bootcamp/sing-me-a-song-project/sing-me-a-song-api/src/setup.ts","statementMap":{"0":{"start":{"line":4,"column":21},"end":{"line":4,"column":32}},"1":{"start":{"line":6,"column":14},"end":{"line":9,"column":null}},"2":{"start":{"line":11,"column":13},"end":{"line":11,"column":42}},"3":{"start":{"line":14,"column":0},"end":{"line":16,"column":null}}},"fnMap":{},"branchMap":{"0":{"loc":{"start":{"line":11,"column":13},"end":{"line":11,"column":42}},"type":"binary-expr","locations":[{"start":{"line":11,"column":13},"end":{"line":11,"column":28}},{"start":{"line":11,"column":32},"end":{"line":11,"column":42}}]}},"s":{"0":8,"1":8,"2":8,"3":8},"f":{},"b":{"0":[8,0]}}
,"/home/tiago/Documentos/Projects/Visual_Studio_Code_-_Projects/Bootcamp/sing-me-a-song-project/sing-me-a-song-api/src/controllers/healthController.ts": {"path":"/home/tiago/Documentos/Projects/Visual_Studio_Code_-_Projects/Bootcamp/sing-me-a-song-project/sing-me-a-song-api/src/controllers/healthController.ts","statementMap":{"0":{"start":{"line":7,"column":16},"end":{"line":7,"column":47}},"1":{"start":{"line":9,"column":1},"end":{"line":9,"column":null}}},"fnMap":{"0":{"name":"checkHealth","decl":{"start":{"line":6,"column":15},"end":{"line":6,"column":26}},"loc":{"start":{"line":6,"column":54},"end":{"line":10,"column":null}}}},"branchMap":{},"s":{"0":1,"1":1},"f":{"0":1},"b":{}}
,"/home/tiago/Documentos/Projects/Visual_Studio_Code_-_Projects/Bootcamp/sing-me-a-song-project/sing-me-a-song-api/src/controllers/recommendationController.ts": {"path":"/home/tiago/Documentos/Projects/Visual_Studio_Code_-_Projects/Bootcamp/sing-me-a-song-project/sing-me-a-song-api/src/controllers/recommendationController.ts","statementMap":{"0":{"start":{"line":7,"column":20},"end":{"line":7,"column":59}},"1":{"start":{"line":8,"column":1},"end":{"line":10,"column":null}},"2":{"start":{"line":9,"column":2},"end":{"line":9,"column":null}},"3":{"start":{"line":12,"column":1},"end":{"line":12,"column":null}},"4":{"start":{"line":14,"column":1},"end":{"line":14,"column":null}},"5":{"start":{"line":18,"column":16},"end":{"line":18,"column":26}},"6":{"start":{"line":20,"column":1},"end":{"line":20,"column":null}},"7":{"start":{"line":22,"column":1},"end":{"line":22,"column":null}},"8":{"start":{"line":26,"column":16},"end":{"line":26,"column":26}},"9":{"start":{"line":28,"column":1},"end":{"line":28,"column":null}},"10":{"start":{"line":30,"column":1},"end":{"line":30,"column":null}},"11":{"start":{"line":34,"column":30},"end":{"line":34,"column":69}},"12":{"start":{"line":36,"column":1},"end":{"line":36,"column":null}},"13":{"start":{"line":40,"column":25},"end":{"line":40,"column":58}},"14":{"start":{"line":41,"column":1},"end":{"line":41,"column":null}},"15":{"start":{"line":45,"column":20},"end":{"line":45,"column":30}},"16":{"start":{"line":47,"column":25},"end":{"line":47,"column":68}},"17":{"start":{"line":48,"column":1},"end":{"line":48,"column":null}},"18":{"start":{"line":52,"column":16},"end":{"line":52,"column":26}},"19":{"start":{"line":54,"column":24},"end":{"line":54,"column":64}},"20":{"start":{"line":55,"column":1},"end":{"line":55,"column":null}},"21":{"start":{"line":58,"column":40},"end":{"line":66,"column":null}}},"fnMap":{"0":{"name":"insert","decl":{"start":{"line":6,"column":15},"end":{"line":6,"column":21}},"loc":{"start":{"line":6,"column":49},"end":{"line":15,"column":null}}},"1":{"name":"upvote","decl":{"start":{"line":17,"column":15},"end":{"line":17,"column":21}},"loc":{"start":{"line":17,"column":49},"end":{"line":23,"column":null}}},"2":{"name":"downvote","decl":{"start":{"line":25,"column":15},"end":{"line":25,"column":23}},"loc":{"start":{"line":25,"column":51},"end":{"line":31,"column":null}}},"3":{"name":"random","decl":{"start":{"line":33,"column":15},"end":{"line":33,"column":21}},"loc":{"start":{"line":33,"column":49},"end":{"line":37,"column":null}}},"4":{"name":"get","decl":{"start":{"line":39,"column":15},"end":{"line":39,"column":18}},"loc":{"start":{"line":39,"column":46},"end":{"line":42,"column":null}}},"5":{"name":"getTop","decl":{"start":{"line":44,"column":15},"end":{"line":44,"column":21}},"loc":{"start":{"line":44,"column":49},"end":{"line":49,"column":null}}},"6":{"name":"getById","decl":{"start":{"line":51,"column":15},"end":{"line":51,"column":22}},"loc":{"start":{"line":51,"column":50},"end":{"line":56,"column":null}}}},"branchMap":{"0":{"loc":{"start":{"line":8,"column":1},"end":{"line":10,"column":null}},"type":"if","locations":[{"start":{"line":8,"column":1},"end":{"line":10,"column":null}}]}},"s":{"0":3,"1":3,"2":1,"3":2,"4":1,"5":3,"6":3,"7":1,"8":2,"9":2,"10":2,"11":2,"12":1,"13":1,"14":1,"15":1,"16":1,"17":1,"18":2,"19":2,"20":1,"21":4},"f":{"0":3,"1":3,"2":2,"3":2,"4":1,"5":1,"6":2},"b":{"0":[1]}}
,"/home/tiago/Documentos/Projects/Visual_Studio_Code_-_Projects/Bootcamp/sing-me-a-song-project/sing-me-a-song-api/src/database/database.ts": {"path":"/home/tiago/Documentos/Projects/Visual_Studio_Code_-_Projects/Bootcamp/sing-me-a-song-project/sing-me-a-song-api/src/database/database.ts","statementMap":{"0":{"start":{"line":3,"column":25},"end":{"line":3,"column":28}},"1":{"start":{"line":4,"column":15},"end":{"line":4,"column":33}}},"fnMap":{},"branchMap":{},"s":{"0":8,"1":8},"f":{},"b":{}}
,"/home/tiago/Documentos/Projects/Visual_Studio_Code_-_Projects/Bootcamp/sing-me-a-song-project/sing-me-a-song-api/src/middlewares/errorHandlerMiddleware.ts": {"path":"/home/tiago/Documentos/Projects/Visual_Studio_Code_-_Projects/Bootcamp/sing-me-a-song-project/sing-me-a-song-api/src/middlewares/errorHandlerMiddleware.ts","statementMap":{"0":{"start":{"line":14,"column":1},"end":{"line":14,"column":null}},"1":{"start":{"line":16,"column":1},"end":{"line":18,"column":null}},"2":{"start":{"line":17,"column":2},"end":{"line":17,"column":null}},"3":{"start":{"line":20,"column":1},"end":{"line":20,"column":null}}},"fnMap":{"0":{"name":"errorHandlerMiddleware","decl":{"start":{"line":8,"column":16},"end":{"line":8,"column":38}},"loc":{"start":{"line":12,"column":19},"end":{"line":21,"column":1}}}},"branchMap":{"0":{"loc":{"start":{"line":16,"column":1},"end":{"line":18,"column":null}},"type":"if","locations":[{"start":{"line":16,"column":1},"end":{"line":18,"column":null}}]}},"s":{"0":6,"1":6,"2":6,"3":0},"f":{"0":6},"b":{"0":[6]}}
,"/home/tiago/Documentos/Projects/Visual_Studio_Code_-_Projects/Bootcamp/sing-me-a-song-project/sing-me-a-song-api/src/repositories/healthRepository.ts": {"path":"/home/tiago/Documentos/Projects/Visual_Studio_Code_-_Projects/Bootcamp/sing-me-a-song-project/sing-me-a-song-api/src/repositories/healthRepository.ts","statementMap":{"0":{"start":{"line":4,"column":16},"end":{"line":8,"column":null}},"1":{"start":{"line":4,"column":27},"end":{"line":8,"column":null}},"2":{"start":{"line":5,"column":16},"end":{"line":5,"column":46}},"3":{"start":{"line":7,"column":1},"end":{"line":7,"column":null}},"4":{"start":{"line":11,"column":32},"end":{"line":13,"column":null}}},"fnMap":{"0":{"name":"(anonymous_7)","decl":{"start":{"line":4,"column":16},"end":{"line":4,"column":25}},"loc":{"start":{"line":4,"column":27},"end":{"line":8,"column":null}}},"1":{"name":"(anonymous_8)","decl":{"start":{"line":4,"column":27},"end":{"line":4,"column":null}},"loc":{"start":{"line":4,"column":27},"end":{"line":8,"column":1}}}},"branchMap":{},"s":{"0":5,"1":1,"2":1,"3":1,"4":5},"f":{"0":1,"1":1},"b":{}}
,"/home/tiago/Documentos/Projects/Visual_Studio_Code_-_Projects/Bootcamp/sing-me-a-song-project/sing-me-a-song-api/src/repositories/recommendationRepository.ts": {"path":"/home/tiago/Documentos/Projects/Visual_Studio_Code_-_Projects/Bootcamp/sing-me-a-song-project/sing-me-a-song-api/src/repositories/recommendationRepository.ts","statementMap":{"0":{"start":{"line":6,"column":1},"end":{"line":8,"column":null}},"1":{"start":{"line":17,"column":16},"end":{"line":17,"column":46}},"2":{"start":{"line":19,"column":1},"end":{"line":23,"column":null}},"3":{"start":{"line":27,"column":1},"end":{"line":30,"column":null}},"4":{"start":{"line":36,"column":1},"end":{"line":36,"column":null}},"5":{"start":{"line":36,"column":20},"end":{"line":36,"column":null}},"6":{"start":{"line":38,"column":32},"end":{"line":38,"column":44}},"7":{"start":{"line":40,"column":1},"end":{"line":42,"column":null}},"8":{"start":{"line":46,"column":1},"end":{"line":48,"column":null}},"9":{"start":{"line":52,"column":1},"end":{"line":54,"column":null}},"10":{"start":{"line":58,"column":1},"end":{"line":63,"column":null}},"11":{"start":{"line":67,"column":1},"end":{"line":69,"column":null}},"12":{"start":{"line":72,"column":40},"end":{"line":80,"column":null}}},"fnMap":{"0":{"name":"create","decl":{"start":{"line":5,"column":15},"end":{"line":5,"column":21}},"loc":{"start":{"line":5,"column":72},"end":{"line":9,"column":null}}},"1":{"name":"findAll","decl":{"start":{"line":16,"column":9},"end":{"line":16,"column":16}},"loc":{"start":{"line":16,"column":44},"end":{"line":24,"column":1}}},"2":{"name":"getAmountByScore","decl":{"start":{"line":26,"column":9},"end":{"line":26,"column":25}},"loc":{"start":{"line":26,"column":38},"end":{"line":31,"column":1}}},"3":{"name":"getFindAllFilter","decl":{"start":{"line":33,"column":9},"end":{"line":33,"column":25}},"loc":{"start":{"line":34,"column":28},"end":{"line":43,"column":1}}},"4":{"name":"find","decl":{"start":{"line":45,"column":9},"end":{"line":45,"column":13}},"loc":{"start":{"line":45,"column":24},"end":{"line":49,"column":1}}},"5":{"name":"findByName","decl":{"start":{"line":51,"column":9},"end":{"line":51,"column":19}},"loc":{"start":{"line":51,"column":32},"end":{"line":55,"column":1}}},"6":{"name":"updateScore","decl":{"start":{"line":57,"column":15},"end":{"line":57,"column":26}},"loc":{"start":{"line":57,"column":75},"end":{"line":64,"column":null}}},"7":{"name":"remove","decl":{"start":{"line":66,"column":15},"end":{"line":66,"column":21}},"loc":{"start":{"line":66,"column":32},"end":{"line":70,"column":null}}}},"branchMap":{"0":{"loc":{"start":{"line":36,"column":1},"end":{"line":36,"column":null}},"type":"if","locations":[{"start":{"line":36,"column":1},"end":{"line":36,"column":null}}]}},"s":{"0":1,"1":4,"2":4,"3":1,"4":4,"5":2,"6":2,"7":2,"8":8,"9":2,"10":3,"11":1,"12":7},"f":{"0":1,"1":4,"2":1,"3":4,"4":8,"5":2,"6":3,"7":1},"b":{"0":[2]}}
,"/home/tiago/Documentos/Projects/Visual_Studio_Code_-_Projects/Bootcamp/sing-me-a-song-project/sing-me-a-song-api/src/routers/healthRouter.ts": {"path":"/home/tiago/Documentos/Projects/Visual_Studio_Code_-_Projects/Bootcamp/sing-me-a-song-project/sing-me-a-song-api/src/routers/healthRouter.ts","statementMap":{"0":{"start":{"line":5,"column":21},"end":{"line":5,"column":29}},"1":{"start":{"line":7,"column":0},"end":{"line":7,"column":null}}},"fnMap":{},"branchMap":{},"s":{"0":4,"1":4},"f":{},"b":{}}
,"/home/tiago/Documentos/Projects/Visual_Studio_Code_-_Projects/Bootcamp/sing-me-a-song-project/sing-me-a-song-api/src/routers/recommendationRouter.ts": {"path":"/home/tiago/Documentos/Projects/Visual_Studio_Code_-_Projects/Bootcamp/sing-me-a-song-project/sing-me-a-song-api/src/routers/recommendationRouter.ts","statementMap":{"0":{"start":{"line":4,"column":29},"end":{"line":4,"column":37}},"1":{"start":{"line":6,"column":0},"end":{"line":6,"column":null}},"2":{"start":{"line":7,"column":0},"end":{"line":7,"column":null}},"3":{"start":{"line":8,"column":0},"end":{"line":8,"column":null}},"4":{"start":{"line":9,"column":0},"end":{"line":9,"column":null}},"5":{"start":{"line":10,"column":0},"end":{"line":10,"column":null}},"6":{"start":{"line":11,"column":0},"end":{"line":11,"column":null}},"7":{"start":{"line":12,"column":0},"end":{"line":12,"column":null}}},"fnMap":{},"branchMap":{},"s":{"0":4,"1":4,"2":4,"3":4,"4":4,"5":4,"6":4,"7":4},"f":{},"b":{}}
,"/home/tiago/Documentos/Projects/Visual_Studio_Code_-_Projects/Bootcamp/sing-me-a-song-project/sing-me-a-song-api/src/schemas/recommendationsSchemas.ts": {"path":"/home/tiago/Documentos/Projects/Visual_Studio_Code_-_Projects/Bootcamp/sing-me-a-song-project/sing-me-a-song-api/src/schemas/recommendationsSchemas.ts","statementMap":{"0":{"start":{"line":5,"column":25},"end":{"line":5,"column":78}},"1":{"start":{"line":7,"column":36},"end":{"line":10,"column":2}}},"fnMap":{},"branchMap":{},"s":{"0":4,"1":4},"f":{},"b":{}}
,"/home/tiago/Documentos/Projects/Visual_Studio_Code_-_Projects/Bootcamp/sing-me-a-song-project/sing-me-a-song-api/src/services/healthService.ts": {"path":"/home/tiago/Documentos/Projects/Visual_Studio_Code_-_Projects/Bootcamp/sing-me-a-song-project/sing-me-a-song-api/src/services/healthService.ts","statementMap":{"0":{"start":{"line":6,"column":18},"end":{"line":12,"column":null}},"1":{"start":{"line":6,"column":29},"end":{"line":12,"column":null}},"2":{"start":{"line":7,"column":1},"end":{"line":7,"column":null}},"3":{"start":{"line":9,"column":20},"end":{"line":9,"column":33}},"4":{"start":{"line":11,"column":1},"end":{"line":11,"column":null}},"5":{"start":{"line":15,"column":24},"end":{"line":18,"column":null}},"6":{"start":{"line":15,"column":35},"end":{"line":18,"column":null}},"7":{"start":{"line":16,"column":16},"end":{"line":16,"column":48}},"8":{"start":{"line":17,"column":1},"end":{"line":17,"column":null}},"9":{"start":{"line":17,"column":14},"end":{"line":17,"column":null}},"10":{"start":{"line":26,"column":29},"end":{"line":29,"column":null}}},"fnMap":{"0":{"name":"(anonymous_7)","decl":{"start":{"line":6,"column":18},"end":{"line":6,"column":27}},"loc":{"start":{"line":6,"column":29},"end":{"line":12,"column":null}}},"1":{"name":"(anonymous_8)","decl":{"start":{"line":6,"column":29},"end":{"line":6,"column":null}},"loc":{"start":{"line":6,"column":29},"end":{"line":12,"column":1}}},"2":{"name":"(anonymous_9)","decl":{"start":{"line":15,"column":24},"end":{"line":15,"column":33}},"loc":{"start":{"line":15,"column":35},"end":{"line":18,"column":null}}},"3":{"name":"(anonymous_10)","decl":{"start":{"line":15,"column":35},"end":{"line":15,"column":null}},"loc":{"start":{"line":15,"column":35},"end":{"line":18,"column":1}}}},"branchMap":{"0":{"loc":{"start":{"line":17,"column":1},"end":{"line":17,"column":null}},"type":"if","locations":[{"start":{"line":17,"column":1},"end":{"line":17,"column":null}}]}},"s":{"0":5,"1":1,"2":1,"3":1,"4":1,"5":5,"6":3,"7":3,"8":3,"9":1,"10":5},"f":{"0":1,"1":1,"2":3,"3":3},"b":{"0":[1]}}
,"/home/tiago/Documentos/Projects/Visual_Studio_Code_-_Projects/Bootcamp/sing-me-a-song-project/sing-me-a-song-api/src/services/recommendationsService.ts": {"path":"/home/tiago/Documentos/Projects/Visual_Studio_Code_-_Projects/Bootcamp/sing-me-a-song-project/sing-me-a-song-api/src/services/recommendationsService.ts","statementMap":{"0":{"start":{"line":8,"column":32},"end":{"line":9,"column":null}},"1":{"start":{"line":11,"column":1},"end":{"line":12,"column":null}},"2":{"start":{"line":12,"column":2},"end":{"line":12,"column":null}},"3":{"start":{"line":14,"column":1},"end":{"line":14,"column":null}},"4":{"start":{"line":18,"column":1},"end":{"line":18,"column":null}},"5":{"start":{"line":20,"column":1},"end":{"line":20,"column":null}},"6":{"start":{"line":24,"column":1},"end":{"line":24,"column":null}},"7":{"start":{"line":26,"column":31},"end":{"line":28,"column":null}},"8":{"start":{"line":31,"column":1},"end":{"line":33,"column":null}},"9":{"start":{"line":32,"column":2},"end":{"line":32,"column":null}},"10":{"start":{"line":37,"column":24},"end":{"line":37,"column":63}},"11":{"start":{"line":38,"column":1},"end":{"line":38,"column":null}},"12":{"start":{"line":38,"column":22},"end":{"line":38,"column":null}},"13":{"start":{"line":40,"column":1},"end":{"line":40,"column":null}},"14":{"start":{"line":44,"column":1},"end":{"line":44,"column":null}},"15":{"start":{"line":48,"column":1},"end":{"line":48,"column":null}},"16":{"start":{"line":52,"column":16},"end":{"line":52,"column":29}},"17":{"start":{"line":53,"column":21},"end":{"line":53,"column":43}},"18":{"start":{"line":55,"column":25},"end":{"line":55,"column":54}},"19":{"start":{"line":56,"column":1},"end":{"line":58,"column":null}},"20":{"start":{"line":57,"column":2},"end":{"line":57,"column":null}},"21":{"start":{"line":60,"column":21},"end":{"line":60,"column":71}},"22":{"start":{"line":61,"column":1},"end":{"line":61,"column":null}},"23":{"start":{"line":65,"column":25},"end":{"line":68,"column":3}},"24":{"start":{"line":70,"column":1},"end":{"line":72,"column":null}},"25":{"start":{"line":71,"column":2},"end":{"line":71,"column":null}},"26":{"start":{"line":74,"column":1},"end":{"line":74,"column":null}},"27":{"start":{"line":78,"column":1},"end":{"line":80,"column":null}},"28":{"start":{"line":79,"column":2},"end":{"line":79,"column":null}},"29":{"start":{"line":82,"column":1},"end":{"line":82,"column":null}},"30":{"start":{"line":85,"column":37},"end":{"line":95,"column":null}}},"fnMap":{"0":{"name":"insert","decl":{"start":{"line":7,"column":15},"end":{"line":7,"column":21}},"loc":{"start":{"line":7,"column":72},"end":{"line":15,"column":null}}},"1":{"name":"upvote","decl":{"start":{"line":17,"column":15},"end":{"line":17,"column":21}},"loc":{"start":{"line":17,"column":32},"end":{"line":21,"column":null}}},"2":{"name":"downvote","decl":{"start":{"line":23,"column":15},"end":{"line":23,"column":23}},"loc":{"start":{"line":23,"column":34},"end":{"line":34,"column":null}}},"3":{"name":"getByIdOrFail","decl":{"start":{"line":36,"column":15},"end":{"line":36,"column":28}},"loc":{"start":{"line":36,"column":39},"end":{"line":41,"column":null}}},"4":{"name":"get","decl":{"start":{"line":43,"column":15},"end":{"line":43,"column":18}},"loc":{"start":{"line":43,"column":18},"end":{"line":45,"column":null}}},"5":{"name":"getTop","decl":{"start":{"line":47,"column":15},"end":{"line":47,"column":21}},"loc":{"start":{"line":47,"column":36},"end":{"line":49,"column":null}}},"6":{"name":"getRandom","decl":{"start":{"line":51,"column":15},"end":{"line":51,"column":24}},"loc":{"start":{"line":51,"column":24},"end":{"line":62,"column":null}}},"7":{"name":"getByScore","decl":{"start":{"line":64,"column":15},"end":{"line":64,"column":25}},"loc":{"start":{"line":64,"column":51},"end":{"line":75,"column":null}}},"8":{"name":"getScoreFilter","decl":{"start":{"line":77,"column":9},"end":{"line":77,"column":23}},"loc":{"start":{"line":77,"column":38},"end":{"line":83,"column":1}}}},"branchMap":{"0":{"loc":{"start":{"line":11,"column":1},"end":{"line":12,"column":null}},"type":"if","locations":[{"start":{"line":11,"column":1},"end":{"line":12,"column":null}}]},"1":{"loc":{"start":{"line":31,"column":1},"end":{"line":33,"column":null}},"type":"if","locations":[{"start":{"line":31,"column":1},"end":{"line":33,"column":null}}]},"2":{"loc":{"start":{"line":38,"column":1},"end":{"line":38,"column":null}},"type":"if","locations":[{"start":{"line":38,"column":1},"end":{"line":38,"column":null}}]},"3":{"loc":{"start":{"line":56,"column":1},"end":{"line":58,"column":null}},"type":"if","locations":[{"start":{"line":56,"column":1},"end":{"line":58,"column":null}}]},"4":{"loc":{"start":{"line":70,"column":1},"end":{"line":72,"column":null}},"type":"if","locations":[{"start":{"line":70,"column":1},"end":{"line":72,"column":null}}]},"5":{"loc":{"start":{"line":78,"column":1},"end":{"line":80,"column":null}},"type":"if","locations":[{"start":{"line":78,"column":1},"end":{"line":80,"column":null}}]}},"s":{"0":4,"1":4,"2":2,"3":2,"4":7,"5":3,"6":6,"7":5,"8":5,"9":2,"10":15,"11":15,"12":6,"13":9,"14":2,"15":2,"16":4,"17":4,"18":4,"19":4,"20":1,"21":3,"22":3,"23":4,"24":4,"25":3,"26":1,"27":7,"28":4,"29":3,"30":7},"f":{"0":4,"1":7,"2":6,"3":15,"4":2,"5":2,"6":4,"7":4,"8":7},"b":{"0":[2],"1":[2],"2":[6],"3":[1],"4":[3],"5":[4]}}
,"/home/tiago/Documentos/Projects/Visual_Studio_Code_-_Projects/Bootcamp/sing-me-a-song-project/sing-me-a-song-api/src/utils/errorUtils.ts": {"path":"/home/tiago/Documentos/Projects/Visual_Studio_Code_-_Projects/Bootcamp/sing-me-a-song-project/sing-me-a-song-api/src/utils/errorUtils.ts","statementMap":{"0":{"start":{"line":8,"column":1},"end":{"line":8,"column":null}},"1":{"start":{"line":12,"column":1},"end":{"line":12,"column":null}},"2":{"start":{"line":12,"column":26},"end":{"line":12,"column":null}},"3":{"start":{"line":13,"column":1},"end":{"line":13,"column":null}},"4":{"start":{"line":13,"column":27},"end":{"line":13,"column":null}},"5":{"start":{"line":14,"column":1},"end":{"line":14,"column":null}},"6":{"start":{"line":14,"column":30},"end":{"line":14,"column":null}},"7":{"start":{"line":15,"column":1},"end":{"line":15,"column":null}},"8":{"start":{"line":15,"column":30},"end":{"line":15,"column":null}},"9":{"start":{"line":16,"column":1},"end":{"line":16,"column":null}},"10":{"start":{"line":20,"column":1},"end":{"line":20,"column":null}},"11":{"start":{"line":24,"column":1},"end":{"line":24,"column":null}},"12":{"start":{"line":28,"column":1},"end":{"line":28,"column":null}},"13":{"start":{"line":32,"column":1},"end":{"line":32,"column":null}},"14":{"start":{"line":36,"column":1},"end":{"line":36,"column":null}}},"fnMap":{"0":{"name":"isAppError","decl":{"start":{"line":7,"column":16},"end":{"line":7,"column":26}},"loc":{"start":{"line":7,"column":40},"end":{"line":9,"column":1}}},"1":{"name":"errorTypeToStatusCode","decl":{"start":{"line":11,"column":16},"end":{"line":11,"column":37}},"loc":{"start":{"line":11,"column":57},"end":{"line":17,"column":1}}},"2":{"name":"conflictError","decl":{"start":{"line":19,"column":16},"end":{"line":19,"column":29}},"loc":{"start":{"line":19,"column":46},"end":{"line":21,"column":1}}},"3":{"name":"notFoundError","decl":{"start":{"line":23,"column":16},"end":{"line":23,"column":29}},"loc":{"start":{"line":23,"column":46},"end":{"line":25,"column":1}}},"4":{"name":"unauthorizedError","decl":{"start":{"line":27,"column":16},"end":{"line":27,"column":33}},"loc":{"start":{"line":27,"column":50},"end":{"line":29,"column":1}}},"5":{"name":"wrongSchemaError","decl":{"start":{"line":31,"column":16},"end":{"line":31,"column":32}},"loc":{"start":{"line":31,"column":49},"end":{"line":33,"column":1}}},"6":{"name":"badRequestError","decl":{"start":{"line":35,"column":16},"end":{"line":35,"column":31}},"loc":{"start":{"line":35,"column":48},"end":{"line":37,"column":1}}}},"branchMap":{"0":{"loc":{"start":{"line":12,"column":1},"end":{"line":12,"column":null}},"type":"if","locations":[{"start":{"line":12,"column":1},"end":{"line":12,"column":null}}]},"1":{"loc":{"start":{"line":13,"column":1},"end":{"line":13,"column":null}},"type":"if","locations":[{"start":{"line":13,"column":1},"end":{"line":13,"column":null}}]},"2":{"loc":{"start":{"line":14,"column":1},"end":{"line":14,"column":null}},"type":"if","locations":[{"start":{"line":14,"column":1},"end":{"line":14,"column":null}}]},"3":{"loc":{"start":{"line":15,"column":1},"end":{"line":15,"column":null}},"type":"if","locations":[{"start":{"line":15,"column":1},"end":{"line":15,"column":null}}]},"4":{"loc":{"start":{"line":20,"column":37},"end":{"line":20,"column":50}},"type":"cond-expr","locations":[{"start":{"line":20,"column":37},"end":{"line":20,"column":44}},{"start":{"line":20,"column":48},"end":{"line":20,"column":50}}]},"5":{"loc":{"start":{"line":20,"column":37},"end":{"line":20,"column":48}},"type":"binary-expr","locations":[{"start":{"line":20,"column":37},"end":{"line":20,"column":48}},{"start":{"line":20,"column":37},"end":{"line":20,"column":48}}]},"6":{"loc":{"start":{"line":24,"column":38},"end":{"line":24,"column":51}},"type":"cond-expr","locations":[{"start":{"line":24,"column":38},"end":{"line":24,"column":45}},{"start":{"line":24,"column":49},"end":{"line":24,"column":51}}]},"7":{"loc":{"start":{"line":24,"column":38},"end":{"line":24,"column":49}},"type":"binary-expr","locations":[{"start":{"line":24,"column":38},"end":{"line":24,"column":49}},{"start":{"line":24,"column":38},"end":{"line":24,"column":49}}]},"8":{"loc":{"start":{"line":28,"column":41},"end":{"line":28,"column":54}},"type":"cond-expr","locations":[{"start":{"line":28,"column":41},"end":{"line":28,"column":48}},{"start":{"line":28,"column":52},"end":{"line":28,"column":54}}]},"9":{"loc":{"start":{"line":28,"column":41},"end":{"line":28,"column":52}},"type":"binary-expr","locations":[{"start":{"line":28,"column":41},"end":{"line":28,"column":52}},{"start":{"line":28,"column":41},"end":{"line":28,"column":52}}]},"10":{"loc":{"start":{"line":32,"column":41},"end":{"line":32,"column":54}},"type":"cond-expr","locations":[{"start":{"line":32,"column":41},"end":{"line":32,"column":48}},{"start":{"line":32,"column":52},"end":{"line":32,"column":54}}]},"11":{"loc":{"start":{"line":32,"column":41},"end":{"line":32,"column":52}},"type":"binary-expr","locations":[{"start":{"line":32,"column":41},"end":{"line":32,"column":52}},{"start":{"line":32,"column":41},"end":{"line":32,"column":52}}]},"12":{"loc":{"start":{"line":36,"column":40},"end":{"line":36,"column":53}},"type":"cond-expr","locations":[{"start":{"line":36,"column":40},"end":{"line":36,"column":47}},{"start":{"line":36,"column":51},"end":{"line":36,"column":53}}]},"13":{"loc":{"start":{"line":36,"column":40},"end":{"line":36,"column":51}},"type":"binary-expr","locations":[{"start":{"line":36,"column":40},"end":{"line":36,"column":51}},{"start":{"line":36,"column":40},"end":{"line":36,"column":51}}]}},"s":{"0":6,"1":6,"2":1,"3":5,"4":4,"5":1,"6":0,"7":1,"8":1,"9":0,"10":3,"11":10,"12":0,"13":1,"14":4},"f":{"0":6,"1":6,"2":3,"3":10,"4":0,"5":1,"6":4},"b":{"0":[1],"1":[4],"2":[0],"3":[1],"4":[3,0],"5":[3,3],"6":[0,10],"7":[10,10],"8":[0,0],"9":[0,0],"10":[0,1],"11":[1,1],"12":[4,0],"13":[4,4]}}
,"/home/tiago/Documentos/Projects/Visual_Studio_Code_-_Projects/Bootcamp/sing-me-a-song-project/sing-me-a-song-api/tests/factories/recommendationsFactory.ts": {"path":"/home/tiago/Documentos/Projects/Visual_Studio_Code_-_Projects/Bootcamp/sing-me-a-song-project/sing-me-a-song-api/tests/factories/recommendationsFactory.ts","statementMap":{"0":{"start":{"line":6,"column":25},"end":{"line":18,"column":1}},"1":{"start":{"line":7,"column":19},"end":{"line":7,"column":42}},"2":{"start":{"line":8,"column":26},"end":{"line":8,"column":86}},"3":{"start":{"line":9,"column":20},"end":{"line":9,"column":54}},"4":{"start":{"line":11,"column":14},"end":{"line":15,"column":null}},"5":{"start":{"line":17,"column":1},"end":{"line":17,"column":null}},"6":{"start":{"line":21,"column":29},"end":{"line":29,"column":null}},"7":{"start":{"line":21,"column":49},"end":{"line":29,"column":null}},"8":{"start":{"line":22,"column":14},"end":{"line":22,"column":40}},"9":{"start":{"line":24,"column":24},"end":{"line":26,"column":3}},"10":{"start":{"line":28,"column":1},"end":{"line":28,"column":null}},"11":{"start":{"line":32,"column":33},"end":{"line":39,"column":null}},"12":{"start":{"line":32,"column":44},"end":{"line":39,"column":null}},"13":{"start":{"line":33,"column":33},"end":{"line":33,"column":74}},"14":{"start":{"line":34,"column":28},"end":{"line":34,"column":30}},"15":{"start":{"line":35,"column":1},"end":{"line":37,"column":null}},"16":{"start":{"line":35,"column":14},"end":{"line":35,"column":15}},"17":{"start":{"line":36,"column":2},"end":{"line":36,"column":null}},"18":{"start":{"line":38,"column":1},"end":{"line":38,"column":null}},"19":{"start":{"line":42,"column":33},"end":{"line":50,"column":null}},"20":{"start":{"line":42,"column":56},"end":{"line":50,"column":null}},"21":{"start":{"line":43,"column":24},"end":{"line":47,"column":3}},"22":{"start":{"line":49,"column":1},"end":{"line":49,"column":null}},"23":{"start":{"line":53,"column":31},"end":{"line":57,"column":null}},"24":{"start":{"line":53,"column":42},"end":{"line":57,"column":null}},"25":{"start":{"line":54,"column":24},"end":{"line":54,"column":63}},"26":{"start":{"line":56,"column":1},"end":{"line":56,"column":null}},"27":{"start":{"line":60,"column":33},"end":{"line":62,"column":1}},"28":{"start":{"line":61,"column":1},"end":{"line":61,"column":null}},"29":{"start":{"line":65,"column":29},"end":{"line":69,"column":1}},"30":{"start":{"line":66,"column":16},"end":{"line":66,"column":58}},"31":{"start":{"line":68,"column":1},"end":{"line":68,"column":null}}},"fnMap":{"0":{"name":"(anonymous_7)","decl":{"start":{"line":6,"column":25},"end":{"line":6,"column":26}},"loc":{"start":{"line":6,"column":39},"end":{"line":18,"column":1}}},"1":{"name":"(anonymous_8)","decl":{"start":{"line":21,"column":29},"end":{"line":21,"column":36}},"loc":{"start":{"line":21,"column":49},"end":{"line":29,"column":null}}},"2":{"name":"(anonymous_9)","decl":{"start":{"line":21,"column":49},"end":{"line":21,"column":null}},"loc":{"start":{"line":21,"column":49},"end":{"line":29,"column":1}}},"3":{"name":"(anonymous_10)","decl":{"start":{"line":32,"column":33},"end":{"line":32,"column":42}},"loc":{"start":{"line":32,"column":44},"end":{"line":39,"column":null}}},"4":{"name":"(anonymous_11)","decl":{"start":{"line":32,"column":44},"end":{"line":32,"column":null}},"loc":{"start":{"line":32,"column":44},"end":{"line":39,"column":1}}},"5":{"name":"(anonymous_12)","decl":{"start":{"line":42,"column":33},"end":{"line":42,"column":40}},"loc":{"start":{"line":42,"column":56},"end":{"line":50,"column":null}}},"6":{"name":"(anonymous_13)","decl":{"start":{"line":42,"column":56},"end":{"line":42,"column":null}},"loc":{"start":{"line":42,"column":56},"end":{"line":50,"column":1}}},"7":{"name":"(anonymous_14)","decl":{"start":{"line":53,"column":31},"end":{"line":53,"column":40}},"loc":{"start":{"line":53,"column":42},"end":{"line":57,"column":null}}},"8":{"name":"(anonymous_15)","decl":{"start":{"line":53,"column":42},"end":{"line":53,"column":null}},"loc":{"start":{"line":53,"column":42},"end":{"line":57,"column":1}}},"9":{"name":"(anonymous_16)","decl":{"start":{"line":60,"column":33},"end":{"line":60,"column":36}},"loc":{"start":{"line":60,"column":38},"end":{"line":62,"column":1}}},"10":{"name":"(anonymous_17)","decl":{"start":{"line":65,"column":29},"end":{"line":65,"column":32}},"loc":{"start":{"line":65,"column":34},"end":{"line":69,"column":1}}}},"branchMap":{"0":{"loc":{"start":{"line":12,"column":8},"end":{"line":12,"column":35}},"type":"cond-expr","locations":[{"start":{"line":12,"column":22},"end":{"line":12,"column":26}},{"start":{"line":12,"column":26},"end":{"line":12,"column":35}}]},"1":{"loc":{"start":{"line":12,"column":8},"end":{"line":12,"column":26}},"type":"binary-expr","locations":[{"start":{"line":12,"column":8},"end":{"line":12,"column":26}},{"start":{"line":12,"column":22},"end":{"line":12,"column":26}}]},"2":{"loc":{"start":{"line":12,"column":8},"end":{"line":12,"column":22}},"type":"cond-expr","locations":[{"start":{"line":12,"column":16},"end":{"line":12,"column":18}},{"start":{"line":12,"column":8},"end":{"line":12,"column":22}}]},"3":{"loc":{"start":{"line":12,"column":8},"end":{"line":12,"column":18}},"type":"binary-expr","locations":[{"start":{"line":12,"column":8},"end":{"line":12,"column":18}},{"start":{"line":12,"column":8},"end":{"line":12,"column":18}}]},"4":{"loc":{"start":{"line":13,"column":15},"end":{"line":13,"column":56}},"type":"cond-expr","locations":[{"start":{"line":13,"column":36},"end":{"line":13,"column":40}},{"start":{"line":13,"column":40},"end":{"line":13,"column":56}}]},"5":{"loc":{"start":{"line":13,"column":15},"end":{"line":13,"column":40}},"type":"binary-expr","locations":[{"start":{"line":13,"column":15},"end":{"line":13,"column":40}},{"start":{"line":13,"column":36},"end":{"line":13,"column":40}}]},"6":{"loc":{"start":{"line":13,"column":15},"end":{"line":13,"column":36}},"type":"cond-expr","locations":[{"start":{"line":13,"column":23},"end":{"line":13,"column":25}},{"start":{"line":13,"column":15},"end":{"line":13,"column":36}}]},"7":{"loc":{"start":{"line":13,"column":15},"end":{"line":13,"column":25}},"type":"binary-expr","locations":[{"start":{"line":13,"column":15},"end":{"line":13,"column":25}},{"start":{"line":13,"column":15},"end":{"line":13,"column":25}}]},"8":{"loc":{"start":{"line":14,"column":9},"end":{"line":14,"column":38}},"type":"cond-expr","locations":[{"start":{"line":14,"column":24},"end":{"line":14,"column":28}},{"start":{"line":14,"column":28},"end":{"line":14,"column":38}}]},"9":{"loc":{"start":{"line":14,"column":9},"end":{"line":14,"column":28}},"type":"binary-expr","locations":[{"start":{"line":14,"column":9},"end":{"line":14,"column":28}},{"start":{"line":14,"column":24},"end":{"line":14,"column":28}}]},"10":{"loc":{"start":{"line":14,"column":9},"end":{"line":14,"column":24}},"type":"cond-expr","locations":[{"start":{"line":14,"column":17},"end":{"line":14,"column":19}},{"start":{"line":14,"column":9},"end":{"line":14,"column":24}}]},"11":{"loc":{"start":{"line":14,"column":9},"end":{"line":14,"column":19}},"type":"binary-expr","locations":[{"start":{"line":14,"column":9},"end":{"line":14,"column":19}},{"start":{"line":14,"column":9},"end":{"line":14,"column":19}}]}},"s":{"0":6,"1":79,"2":79,"3":79,"4":79,"5":79,"6":6,"7":65,"8":65,"9":65,"10":65,"11":6,"12":6,"13":6,"14":6,"15":6,"16":6,"17":61,"18":6,"19":6,"20":4,"21":4,"22":4,"23":6,"24":1,"25":1,"26":1,"27":6,"28":16,"29":6,"30":2,"31":2},"f":{"0":79,"1":65,"2":65,"3":6,"4":6,"5":4,"6":4,"7":1,"8":1,"9":16,"10":2},"b":{"0":[1,78],"1":[79,79],"2":[77,2],"3":[79,79],"4":[1,78],"5":[79,79],"6":[77,2],"7":[79,79],"8":[1,78],"9":[79,79],"10":[77,2],"11":[79,79]}}
}
