TN:
SF:src/app.ts
FNF:0
FNH:0
DA:11,4
DA:13,4
DA:14,4
DA:16,4
DA:17,4
DA:19,4
LF:6
LH:6
BRF:0
BRH:0
end_of_record
TN:
SF:src/setup.ts
FNF:0
FNH:0
DA:4,4
DA:6,4
DA:11,4
DA:14,4
LF:4
LH:4
BRDA:11,0,0,4
BRDA:11,0,1,0
BRF:2
BRH:1
end_of_record
TN:
SF:src/controllers/healthController.ts
FN:6,checkHealth
FNF:1
FNH:1
FNDA:1,checkHealth
DA:7,1
DA:9,1
LF:2
LH:2
BRF:0
BRH:0
end_of_record
TN:
SF:src/controllers/recommendationController.ts
FN:6,insert
FN:17,upvote
FN:25,downvote
FN:33,random
FN:39,get
FN:44,getTop
FN:51,getById
FNF:7
FNH:7
FNDA:3,insert
FNDA:3,upvote
FNDA:2,downvote
FNDA:2,random
FNDA:1,get
FNDA:1,getTop
FNDA:2,getById
DA:7,3
DA:8,3
DA:9,1
DA:12,2
DA:14,1
DA:18,3
DA:20,3
DA:22,1
DA:26,2
DA:28,2
DA:30,2
DA:34,2
DA:36,1
DA:40,1
DA:41,1
DA:45,1
DA:47,1
DA:48,1
DA:52,2
DA:54,2
DA:55,1
DA:58,4
LF:22
LH:22
BRDA:8,0,0,1
BRF:1
BRH:1
end_of_record
TN:
SF:src/database/database.ts
FNF:0
FNH:0
DA:3,4
DA:4,4
LF:2
LH:2
BRF:0
BRH:0
end_of_record
TN:
SF:src/middlewares/errorHandlerMiddleware.ts
FN:8,errorHandlerMiddleware
FNF:1
FNH:1
FNDA:6,errorHandlerMiddleware
DA:14,6
DA:16,6
DA:17,6
DA:20,0
LF:4
LH:3
BRDA:16,0,0,6
BRF:1
BRH:1
end_of_record
TN:
SF:src/repositories/healthRepository.ts
FN:4,(anonymous_7)
FN:4,(anonymous_8)
FNF:2
FNH:2
FNDA:1,(anonymous_7)
FNDA:1,(anonymous_8)
DA:4,4
DA:5,1
DA:7,1
LF:3
LH:3
BRF:0
BRH:0
end_of_record
TN:
SF:src/repositories/recommendationRepository.ts
FN:5,create
FN:16,findAll
FN:26,getAmountByScore
FN:33,getFindAllFilter
FN:45,find
FN:51,findByName
FN:57,updateScore
FN:66,remove
FNF:8
FNH:8
FNDA:1,create
FNDA:4,findAll
FNDA:1,getAmountByScore
FNDA:4,getFindAllFilter
FNDA:7,find
FNDA:2,findByName
FNDA:3,updateScore
FNDA:1,remove
DA:6,1
DA:17,4
DA:19,4
DA:27,1
DA:36,4
DA:38,2
DA:40,2
DA:46,7
DA:52,2
DA:58,3
DA:67,1
DA:72,4
LF:12
LH:12
BRDA:36,0,0,2
BRF:1
BRH:1
end_of_record
TN:
SF:src/routers/healthRouter.ts
FNF:0
FNH:0
DA:5,4
DA:7,4
LF:2
LH:2
BRF:0
BRH:0
end_of_record
TN:
SF:src/routers/recommendationRouter.ts
FNF:0
FNH:0
DA:4,4
DA:6,4
DA:7,4
DA:8,4
DA:9,4
DA:10,4
DA:11,4
DA:12,4
LF:8
LH:8
BRF:0
BRH:0
end_of_record
TN:
SF:src/schemas/recommendationsSchemas.ts
FNF:0
FNH:0
DA:5,4
DA:7,4
LF:2
LH:2
BRF:0
BRH:0
end_of_record
TN:
SF:src/services/healthService.ts
FN:6,(anonymous_7)
FN:6,(anonymous_8)
FN:15,(anonymous_9)
FN:15,(anonymous_10)
FNF:4
FNH:4
FNDA:1,(anonymous_7)
FNDA:1,(anonymous_8)
FNDA:1,(anonymous_9)
FNDA:1,(anonymous_10)
DA:6,4
DA:7,1
DA:9,1
DA:11,1
DA:15,4
DA:16,1
DA:17,1
LF:7
LH:7
BRDA:17,0,0,0
BRF:1
BRH:0
end_of_record
TN:
SF:src/services/recommendationsService.ts
FN:7,insert
FN:17,upvote
FN:23,downvote
FN:36,getByIdOrFail
FN:43,get
FN:47,getTop
FN:51,getRandom
FN:64,getByScore
FN:77,getScoreFilter
FNF:9
FNH:9
FNDA:2,insert
FNDA:3,upvote
FNDA:2,downvote
FNDA:7,getByIdOrFail
FNDA:1,get
FNDA:1,getTop
FNDA:2,getRandom
FNDA:2,getByScore
FNDA:2,getScoreFilter
DA:8,2
DA:11,2
DA:12,1
DA:14,1
DA:18,3
DA:20,1
DA:24,2
DA:26,2
DA:31,2
DA:32,1
DA:37,7
DA:38,7
DA:40,4
DA:44,1
DA:48,1
DA:52,2
DA:53,2
DA:55,2
DA:56,2
DA:57,1
DA:60,1
DA:61,1
DA:65,2
DA:70,2
DA:71,1
DA:74,1
DA:78,2
DA:79,2
DA:82,0
DA:85,4
LF:30
LH:29
BRDA:11,0,0,1
BRDA:31,1,0,1
BRDA:38,2,0,3
BRDA:56,3,0,1
BRDA:70,4,0,1
BRDA:78,5,0,2
BRF:6
BRH:6
end_of_record
TN:
SF:src/utils/errorUtils.ts
FN:7,isAppError
FN:11,errorTypeToStatusCode
FN:19,conflictError
FN:23,notFoundError
FN:27,unauthorizedError
FN:31,wrongSchemaError
FN:35,badRequestError
FNF:7
FNH:5
FNDA:6,isAppError
FNDA:6,errorTypeToStatusCode
FNDA:1,conflictError
FNDA:4,notFoundError
FNDA:0,unauthorizedError
FNDA:1,wrongSchemaError
FNDA:0,badRequestError
DA:8,6
DA:12,6
DA:13,5
DA:14,1
DA:15,1
DA:16,0
DA:20,1
DA:24,4
DA:28,0
DA:32,1
DA:36,0
LF:11
LH:8
BRDA:12,0,0,1
BRDA:13,1,0,4
BRDA:14,2,0,0
BRDA:15,3,0,1
BRDA:20,4,0,1
BRDA:20,4,1,0
BRDA:20,5,0,1
BRDA:20,5,1,1
BRDA:24,6,0,0
BRDA:24,6,1,4
BRDA:24,7,0,4
BRDA:24,7,1,4
BRDA:28,8,0,0
BRDA:28,8,1,0
BRDA:28,9,0,0
BRDA:28,9,1,0
BRDA:32,10,0,0
BRDA:32,10,1,1
BRDA:32,11,0,1
BRDA:32,11,1,1
BRDA:36,12,0,0
BRDA:36,12,1,0
BRDA:36,13,0,0
BRDA:36,13,1,0
BRF:24
BRH:12
end_of_record
TN:
SF:tests/factories/recommendationsFactory.ts
FN:6,(anonymous_7)
FN:21,(anonymous_8)
FN:21,(anonymous_9)
FN:32,(anonymous_10)
FN:32,(anonymous_11)
FN:42,(anonymous_12)
FN:42,(anonymous_13)
FN:53,(anonymous_14)
FN:53,(anonymous_15)
FN:60,(anonymous_16)
FN:65,(anonymous_17)
FNF:11
FNH:11
FNDA:74,(anonymous_7)
FNDA:71,(anonymous_8)
FNDA:71,(anonymous_9)
FNDA:6,(anonymous_10)
FNDA:6,(anonymous_11)
FNDA:4,(anonymous_12)
FNDA:4,(anonymous_13)
FNDA:1,(anonymous_14)
FNDA:1,(anonymous_15)
FNDA:3,(anonymous_16)
FNDA:1,(anonymous_17)
DA:6,3
DA:7,74
DA:8,74
DA:9,74
DA:11,74
DA:17,74
DA:21,71
DA:22,71
DA:24,71
DA:28,71
DA:32,6
DA:33,6
DA:34,6
DA:35,6
DA:36,67
DA:38,6
DA:42,4
DA:43,4
DA:49,4
DA:53,3
DA:54,1
DA:56,1
DA:60,3
DA:61,3
DA:65,3
DA:66,1
DA:68,1
LF:27
LH:27
BRDA:12,0,0,1
BRDA:12,0,1,73
BRDA:12,1,0,74
BRDA:12,1,1,74
BRDA:12,2,0,72
BRDA:12,2,1,2
BRDA:12,3,0,74
BRDA:12,3,1,74
BRDA:13,4,0,1
BRDA:13,4,1,73
BRDA:13,5,0,74
BRDA:13,5,1,74
BRDA:13,6,0,72
BRDA:13,6,1,2
BRDA:13,7,0,74
BRDA:13,7,1,74
BRDA:14,8,0,1
BRDA:14,8,1,73
BRDA:14,9,0,74
BRDA:14,9,1,74
BRDA:14,10,0,72
BRDA:14,10,1,2
BRDA:14,11,0,74
BRDA:14,11,1,74
BRF:24
BRH:24
end_of_record
