TN:
SF:src/app.ts
FNF:0
FNH:0
DA:11,4
DA:13,4
DA:14,4
DA:16,4
DA:17,4
DA:19,4
LF:6
LH:6
BRF:0
BRH:0
end_of_record
TN:
SF:src/setup.ts
FNF:0
FNH:0
DA:4,8
DA:6,8
DA:11,8
DA:14,8
LF:4
LH:4
BRDA:11,0,0,8
BRDA:11,0,1,0
BRF:2
BRH:1
end_of_record
TN:
SF:src/controllers/healthController.ts
FN:6,checkHealth
FNF:1
FNH:1
FNDA:1,checkHealth
DA:7,1
DA:9,1
LF:2
LH:2
BRF:0
BRH:0
end_of_record
TN:
SF:src/controllers/recommendationController.ts
FN:6,insert
FN:17,upvote
FN:25,downvote
FN:33,random
FN:39,get
FN:44,getTop
FN:51,getById
FNF:7
FNH:7
FNDA:3,insert
FNDA:3,upvote
FNDA:2,downvote
FNDA:2,random
FNDA:1,get
FNDA:1,getTop
FNDA:2,getById
DA:7,3
DA:8,3
DA:9,1
DA:12,2
DA:14,1
DA:18,3
DA:20,3
DA:22,1
DA:26,2
DA:28,2
DA:30,2
DA:34,2
DA:36,1
DA:40,1
DA:41,1
DA:45,1
DA:47,1
DA:48,1
DA:52,2
DA:54,2
DA:55,1
DA:58,4
LF:22
LH:22
BRDA:8,0,0,1
BRF:1
BRH:1
end_of_record
TN:
SF:src/database/database.ts
FNF:0
FNH:0
DA:3,8
DA:4,8
LF:2
LH:2
BRF:0
BRH:0
end_of_record
TN:
SF:src/middlewares/errorHandlerMiddleware.ts
FN:8,errorHandlerMiddleware
FNF:1
FNH:1
FNDA:6,errorHandlerMiddleware
DA:14,6
DA:16,6
DA:17,6
DA:20,0
LF:4
LH:3
BRDA:16,0,0,6
BRF:1
BRH:1
end_of_record
TN:
SF:src/repositories/healthRepository.ts
FN:4,(anonymous_7)
FN:4,(anonymous_8)
FNF:2
FNH:2
FNDA:1,(anonymous_7)
FNDA:1,(anonymous_8)
DA:4,5
DA:5,1
DA:7,1
DA:11,5
LF:4
LH:4
BRF:0
BRH:0
end_of_record
TN:
SF:src/repositories/recommendationRepository.ts
FN:5,create
FN:16,findAll
FN:26,getAmountByScore
FN:33,getFindAllFilter
FN:45,find
FN:51,findByName
FN:57,updateScore
FN:66,remove
FNF:8
FNH:8
FNDA:1,create
FNDA:4,findAll
FNDA:1,getAmountByScore
FNDA:4,getFindAllFilter
FNDA:8,find
FNDA:2,findByName
FNDA:3,updateScore
FNDA:1,remove
DA:6,1
DA:17,4
DA:19,4
DA:27,1
DA:36,4
DA:38,2
DA:40,2
DA:46,8
DA:52,2
DA:58,3
DA:67,1
DA:72,7
LF:12
LH:12
BRDA:36,0,0,2
BRF:1
BRH:1
end_of_record
TN:
SF:src/routers/healthRouter.ts
FNF:0
FNH:0
DA:5,4
DA:7,4
LF:2
LH:2
BRF:0
BRH:0
end_of_record
TN:
SF:src/routers/recommendationRouter.ts
FNF:0
FNH:0
DA:4,4
DA:6,4
DA:7,4
DA:8,4
DA:9,4
DA:10,4
DA:11,4
DA:12,4
LF:8
LH:8
BRF:0
BRH:0
end_of_record
TN:
SF:src/schemas/recommendationsSchemas.ts
FNF:0
FNH:0
DA:5,4
DA:7,4
LF:2
LH:2
BRF:0
BRH:0
end_of_record
TN:
SF:src/services/healthService.ts
FN:6,(anonymous_7)
FN:6,(anonymous_8)
FN:15,(anonymous_9)
FN:15,(anonymous_10)
FNF:4
FNH:4
FNDA:1,(anonymous_7)
FNDA:1,(anonymous_8)
FNDA:3,(anonymous_9)
FNDA:3,(anonymous_10)
DA:6,5
DA:7,1
DA:9,1
DA:11,1
DA:15,5
DA:16,3
DA:17,3
DA:26,5
LF:8
LH:8
BRDA:17,0,0,1
BRF:1
BRH:1
end_of_record
TN:
SF:src/services/recommendationsService.ts
FN:7,insert
FN:17,upvote
FN:23,downvote
FN:36,getByIdOrFail
FN:43,get
FN:47,getTop
FN:51,getRandom
FN:64,getByScore
FN:77,getScoreFilter
FNF:9
FNH:9
FNDA:4,insert
FNDA:7,upvote
FNDA:6,downvote
FNDA:15,getByIdOrFail
FNDA:2,get
FNDA:2,getTop
FNDA:4,getRandom
FNDA:4,getByScore
FNDA:7,getScoreFilter
DA:8,4
DA:11,4
DA:12,2
DA:14,2
DA:18,7
DA:20,3
DA:24,6
DA:26,5
DA:31,5
DA:32,2
DA:37,15
DA:38,15
DA:40,9
DA:44,2
DA:48,2
DA:52,4
DA:53,4
DA:55,4
DA:56,4
DA:57,1
DA:60,3
DA:61,3
DA:65,4
DA:70,4
DA:71,3
DA:74,1
DA:78,7
DA:79,4
DA:82,3
DA:85,7
LF:30
LH:30
BRDA:11,0,0,2
BRDA:31,1,0,2
BRDA:38,2,0,6
BRDA:56,3,0,1
BRDA:70,4,0,3
BRDA:78,5,0,4
BRF:6
BRH:6
end_of_record
TN:
SF:src/utils/errorUtils.ts
FN:7,isAppError
FN:11,errorTypeToStatusCode
FN:19,conflictError
FN:23,notFoundError
FN:27,unauthorizedError
FN:31,wrongSchemaError
FN:35,badRequestError
FNF:7
FNH:6
FNDA:6,isAppError
FNDA:6,errorTypeToStatusCode
FNDA:3,conflictError
FNDA:10,notFoundError
FNDA:0,unauthorizedError
FNDA:1,wrongSchemaError
FNDA:4,badRequestError
DA:8,6
DA:12,6
DA:13,5
DA:14,1
DA:15,1
DA:16,0
DA:20,3
DA:24,10
DA:28,0
DA:32,1
DA:36,4
LF:11
LH:9
BRDA:12,0,0,1
BRDA:13,1,0,4
BRDA:14,2,0,0
BRDA:15,3,0,1
BRDA:20,4,0,3
BRDA:20,4,1,0
BRDA:20,5,0,3
BRDA:20,5,1,3
BRDA:24,6,0,0
BRDA:24,6,1,10
BRDA:24,7,0,10
BRDA:24,7,1,10
BRDA:28,8,0,0
BRDA:28,8,1,0
BRDA:28,9,0,0
BRDA:28,9,1,0
BRDA:32,10,0,0
BRDA:32,10,1,1
BRDA:32,11,0,1
BRDA:32,11,1,1
BRDA:36,12,0,4
BRDA:36,12,1,0
BRDA:36,13,0,4
BRDA:36,13,1,4
BRF:24
BRH:15
end_of_record
TN:
SF:tests/factories/recommendationsFactory.ts
FN:6,(anonymous_7)
FN:21,(anonymous_8)
FN:21,(anonymous_9)
FN:32,(anonymous_10)
FN:32,(anonymous_11)
FN:42,(anonymous_12)
FN:42,(anonymous_13)
FN:53,(anonymous_14)
FN:53,(anonymous_15)
FN:60,(anonymous_16)
FN:65,(anonymous_17)
FNF:11
FNH:11
FNDA:79,(anonymous_7)
FNDA:65,(anonymous_8)
FNDA:65,(anonymous_9)
FNDA:6,(anonymous_10)
FNDA:6,(anonymous_11)
FNDA:4,(anonymous_12)
FNDA:4,(anonymous_13)
FNDA:1,(anonymous_14)
FNDA:1,(anonymous_15)
FNDA:16,(anonymous_16)
FNDA:2,(anonymous_17)
DA:6,6
DA:7,79
DA:8,79
DA:9,79
DA:11,79
DA:17,79
DA:21,65
DA:22,65
DA:24,65
DA:28,65
DA:32,6
DA:33,6
DA:34,6
DA:35,6
DA:36,61
DA:38,6
DA:42,6
DA:43,4
DA:49,4
DA:53,6
DA:54,1
DA:56,1
DA:60,6
DA:61,16
DA:65,6
DA:66,2
DA:68,2
LF:27
LH:27
BRDA:12,0,0,1
BRDA:12,0,1,78
BRDA:12,1,0,79
BRDA:12,1,1,79
BRDA:12,2,0,77
BRDA:12,2,1,2
BRDA:12,3,0,79
BRDA:12,3,1,79
BRDA:13,4,0,1
BRDA:13,4,1,78
BRDA:13,5,0,79
BRDA:13,5,1,79
BRDA:13,6,0,77
BRDA:13,6,1,2
BRDA:13,7,0,79
BRDA:13,7,1,79
BRDA:14,8,0,1
BRDA:14,8,1,78
BRDA:14,9,0,79
BRDA:14,9,1,79
BRDA:14,10,0,77
BRDA:14,10,1,2
BRDA:14,11,0,79
BRDA:14,11,1,79
BRF:24
BRH:24
end_of_record
